Determining if the pthread_create exist failed with the following output:
Change Dir: /home/nearlab/ws_tom/build/CMakeFiles/CMakeTmp

Run Build Command:"/usr/bin/make" "cmTC_5207b/fast"
/usr/bin/make -f CMakeFiles/cmTC_5207b.dir/build.make CMakeFiles/cmTC_5207b.dir/build
make[1]: Entering directory '/home/nearlab/ws_tom/build/CMakeFiles/CMakeTmp'
Building C object CMakeFiles/cmTC_5207b.dir/CheckSymbolExists.c.o
/usr/bin/cc    -o CMakeFiles/cmTC_5207b.dir/CheckSymbolExists.c.o   -c /home/nearlab/ws_tom/build/CMakeFiles/CMakeTmp/CheckSymbolExists.c
Linking C executable cmTC_5207b
/usr/bin/cmake -E cmake_link_script CMakeFiles/cmTC_5207b.dir/link.txt --verbose=1
/usr/bin/cc      -rdynamic CMakeFiles/cmTC_5207b.dir/CheckSymbolExists.c.o  -o cmTC_5207b 
CMakeFiles/cmTC_5207b.dir/CheckSymbolExists.c.o: In function `main':
CheckSymbolExists.c:(.text+0x1b): undefined reference to `pthread_create'
collect2: error: ld returned 1 exit status
CMakeFiles/cmTC_5207b.dir/build.make:97: recipe for target 'cmTC_5207b' failed
make[1]: *** [cmTC_5207b] Error 1
make[1]: Leaving directory '/home/nearlab/ws_tom/build/CMakeFiles/CMakeTmp'
Makefile:126: recipe for target 'cmTC_5207b/fast' failed
make: *** [cmTC_5207b/fast] Error 2

File /home/nearlab/ws_tom/build/CMakeFiles/CMakeTmp/CheckSymbolExists.c:
/* */
#include <pthread.h>

int main(int argc, char** argv)
{
  (void)argv;
#ifndef pthread_create
  return ((int*)(&pthread_create))[argc];
#else
  (void)argc;
  return 0;
#endif
}

Determining if the function pthread_create exists in the pthreads failed with the following output:
Change Dir: /home/nearlab/ws_tom/build/CMakeFiles/CMakeTmp

Run Build Command:"/usr/bin/make" "cmTC_690fe/fast"
/usr/bin/make -f CMakeFiles/cmTC_690fe.dir/build.make CMakeFiles/cmTC_690fe.dir/build
make[1]: Entering directory '/home/nearlab/ws_tom/build/CMakeFiles/CMakeTmp'
Building C object CMakeFiles/cmTC_690fe.dir/CheckFunctionExists.c.o
/usr/bin/cc   -DCHECK_FUNCTION_EXISTS=pthread_create   -o CMakeFiles/cmTC_690fe.dir/CheckFunctionExists.c.o   -c /usr/share/cmake-3.10/Modules/CheckFunctionExists.c
Linking C executable cmTC_690fe
/usr/bin/cmake -E cmake_link_script CMakeFiles/cmTC_690fe.dir/link.txt --verbose=1
/usr/bin/cc  -DCHECK_FUNCTION_EXISTS=pthread_create    -rdynamic CMakeFiles/cmTC_690fe.dir/CheckFunctionExists.c.o  -o cmTC_690fe -lpthreads 
/usr/bin/ld: cannot find -lpthreads
collect2: error: ld returned 1 exit status
CMakeFiles/cmTC_690fe.dir/build.make:97: recipe for target 'cmTC_690fe' failed
make[1]: *** [cmTC_690fe] Error 1
make[1]: Leaving directory '/home/nearlab/ws_tom/build/CMakeFiles/CMakeTmp'
Makefile:126: recipe for target 'cmTC_690fe/fast' failed
make: *** [cmTC_690fe/fast] Error 2


